<?xml version="1.0" encoding="UTF-8"?>
<!-- Generated by org.testng.reporters.JUnitXMLReporter -->
<testsuite hostname="ramya" ignored="0" name="Default test" tests="4" failures="0" timestamp="25 May 2019 20:53:23 GMT" time="0.103" errors="0">
  <testcase name="test3" time="0.023" classname="org.camp.Data2"/>
  <testcase name="test5" time="0.003" classname="org.camp.Data2"/>
  <testcase name="test4" time="0.006" classname="org.camp.Data2"/>
  <testcase name="test2" time="0.004" classname="org.camp.Data2"/>
</testsuite> <!-- Default test -->
