<?xml version="1.0" encoding="UTF-8"?>
<testng-results skipped="0" failed="0" ignored="0" total="2" passed="2">
  <reporter-output>
  </reporter-output>
  <suite name="Suite" duration-ms="87" started-at="2019-05-25T21:19:39Z" finished-at="2019-05-25T21:19:39Z">
    <groups>
    </groups>
    <test name="Test" duration-ms="87" started-at="2019-05-25T21:19:39Z" finished-at="2019-05-25T21:19:39Z">
      <class name="org.camp.Data1">
        <test-method status="PASS" signature="test6()[pri:0, instance:org.camp.Data1@f4468b]" name="test6" duration-ms="21" started-at="2019-05-25T21:19:39Z" finished-at="2019-05-25T21:19:39Z">
          <reporter-output>
          </reporter-output>
        </test-method> <!-- test6 -->
        <test-method status="PASS" signature="test7()[pri:0, instance:org.camp.Data1@f4468b]" name="test7" duration-ms="4" started-at="2019-05-25T21:19:39Z" finished-at="2019-05-25T21:19:39Z">
          <reporter-output>
          </reporter-output>
        </test-method> <!-- test7 -->
      </class> <!-- org.camp.Data1 -->
    </test> <!-- Test -->
  </suite> <!-- Suite -->
</testng-results>
